C51 COMPILER V9.60.7.0   LARGEST_NUMBER_USING_C                                            07/27/2024 09:42:22 PAGE 1   


C51 COMPILER V9.60.7.0, COMPILATION OF MODULE LARGEST_NUMBER_USING_C
OBJECT MODULE PLACED IN .\Objects\largest number using C.obj
COMPILER INVOKED BY: C:\Games\Keil_V5\C51\BIN\C51.EXE Programs\27.7.24\largest number using C.c OPTIMIZE(8,SPEED) BROWSE
                    - DEBUG OBJECTEXTEND PRINT(.\Listings\largest number using C.lst) TABS(2) OBJECT(.\Objects\largest number using C.obj)

line level    source

   1          #include<reg51.h>
   2          void main()
   3          {
   4   1        unsigned long array[] = { 0x33344333, 0x33344344, 0x33344444, 0x34444333, 0x33434333};
   5   1        unsigned long i, largest =0;
   6   1        for(i=0; i<5; i++)
   7   1        {
   8   2          if(largest<array[i])
   9   2            {
  10   3              largest=array[i];
  11   3            }
  12   2          }
  13   1        } 


MODULE INFORMATION:   STATIC OVERLAYABLE
   CODE SIZE        =    126    ----
   CONSTANT SIZE    =     20    ----
   XDATA SIZE       =   ----    ----
   PDATA SIZE       =   ----    ----
   DATA SIZE        =   ----      28
   IDATA SIZE       =   ----    ----
   BIT SIZE         =   ----    ----
END OF MODULE INFORMATION.


C51 COMPILATION COMPLETE.  0 WARNING(S),  0 ERROR(S)
