A51 MACRO ASSEMBLER  ADDITION                                                             06/08/2024 10:36:17 PAGE     1


MACRO ASSEMBLER A51 V8.2.7.0
OBJECT MODULE PLACED IN .\Objects\ADDITION.obj
ASSEMBLER INVOKED BY: C:\Games\Keil_V5\C51\BIN\A51.EXE ADDITION.asm SET(SMALL) DEBUG PRINT(.\Listings\ADDITION.lst) OBJE
                      CT(.\Objects\ADDITION.obj) EP

LOC  OBJ            LINE     SOURCE

0000                   1     org 00H
0000 7405              2     MOV A, #05H
0002 75F003            3     MOV B, #03H
0005 25F0              4     ADD A,B
0007 F590              5     MOV P1,A
                       6     END
A51 MACRO ASSEMBLER  ADDITION                                                             06/08/2024 10:36:17 PAGE     2

SYMBOL TABLE LISTING
------ ----- -------


N A M E             T Y P E  V A L U E   ATTRIBUTES

B. . . . . . . . .  D ADDR   00F0H   A   
P1 . . . . . . . .  D ADDR   0090H   A   


REGISTER BANK(S) USED: 0 


ASSEMBLY COMPLETE.  0 WARNING(S), 0 ERROR(S)
